2018/03/18 16:10:20 INFO  - jmeter.util.JMeterUtils: Setting Locale to en_IN 
2018/03/18 16:10:21 INFO  - jmeter.JMeter: Loading user properties from: /usr/share/jmeter/bin/user.properties 
2018/03/18 16:10:21 INFO  - jmeter.JMeter: Loading system properties from: /usr/share/jmeter/bin/system.properties 
2018/03/18 16:10:21 INFO  - jmeter.JMeter: Copyright (c) 1998-2012 The Apache Software Foundation 
2018/03/18 16:10:21 INFO  - jmeter.JMeter: Version 2.8.20130705 
2018/03/18 16:10:21 INFO  - jmeter.JMeter: java.version=1.8.0_144 
2018/03/18 16:10:21 INFO  - jmeter.JMeter: java.vm.name=Java HotSpot(TM) 64-Bit Server VM 
2018/03/18 16:10:21 INFO  - jmeter.JMeter: os.name=Linux 
2018/03/18 16:10:21 INFO  - jmeter.JMeter: os.arch=amd64 
2018/03/18 16:10:21 INFO  - jmeter.JMeter: os.version=4.4.0-97-generic 
2018/03/18 16:10:21 INFO  - jmeter.JMeter: file.encoding=UTF-8 
2018/03/18 16:10:21 INFO  - jmeter.JMeter: Default Locale=English (India) 
2018/03/18 16:10:21 INFO  - jmeter.JMeter: JMeter  Locale=English (India) 
2018/03/18 16:10:21 INFO  - jmeter.JMeter: JMeterHome=/usr/share/jmeter 
2018/03/18 16:10:21 INFO  - jmeter.JMeter: user.dir  =/media/miraj/E/College/sjsu/sem2/cmpe273/labs/lab1 
2018/03/18 16:10:21 INFO  - jmeter.JMeter: PWD       =/media/miraj/E/College/sjsu/sem2/cmpe273/labs/lab1 
2018/03/18 16:10:21 INFO  - jmeter.JMeter: IP: 127.0.1.1 Name: miraj FullName: miraj 
2018/03/18 16:10:21 INFO  - jmeter.JMeter: Loaded icon properties from org/apache/jmeter/images/icon.properties 
2018/03/18 16:10:23 INFO  - jmeter.engine.util.CompoundVariable: Note: Function class names must contain the string: '.functions.' 
2018/03/18 16:10:23 INFO  - jmeter.engine.util.CompoundVariable: Note: Function class names must not contain the string: '.gui.' 
2018/03/18 16:10:24 INFO  - jmeter.gui.action.LookAndFeelCommand: Using look and feel: javax.swing.plaf.metal.MetalLookAndFeel [Metal, CrossPlatform] 
2018/03/18 16:10:25 INFO  - jmeter.util.BSFTestElement: Registering JMeter version of JavaScript engine as work-round for BSF-22 
2018/03/18 16:10:26 INFO  - jmeter.protocol.http.sampler.HTTPSamplerBase: Cannot find .className property for htmlParser, using default 
2018/03/18 16:10:26 INFO  - jmeter.protocol.http.sampler.HTTPSamplerBase: Parser for text/html is  
2018/03/18 16:10:26 INFO  - jmeter.protocol.http.sampler.HTTPSamplerBase: Parser for application/xhtml+xml is  
2018/03/18 16:10:26 INFO  - jmeter.protocol.http.sampler.HTTPSamplerBase: Parser for application/xml is  
2018/03/18 16:10:26 INFO  - jmeter.protocol.http.sampler.HTTPSamplerBase: Parser for text/xml is  
2018/03/18 16:10:26 INFO  - jmeter.protocol.http.sampler.HTTPSamplerBase: Parser for text/vnd.wap.wml is org.apache.jmeter.protocol.http.parser.RegexpHTMLParser 
2018/03/18 16:10:26 INFO  - jmeter.protocol.http.sampler.HTTPSamplerBase: Reuse SSL session context on subsequent iterations: true 
2018/03/18 16:10:26 INFO  - jmeter.gui.util.MenuFactory: Skipping org.apache.jmeter.protocol.http.modifier.gui.ParamModifierGui 
2018/03/18 16:10:26 INFO  - jmeter.samplers.SampleResult: Note: Sample TimeStamps are START times 
2018/03/18 16:10:26 INFO  - jmeter.samplers.SampleResult: sampleresult.default.encoding is set to ISO-8859-1 
2018/03/18 16:10:26 INFO  - jmeter.samplers.SampleResult: sampleresult.useNanoTime=true 
2018/03/18 16:10:26 INFO  - jmeter.samplers.SampleResult: sampleresult.nanoThreadSleep=5000 
2018/03/18 16:27:02 INFO  - jmeter.services.FileServer: Default base='/media/miraj/E/College/sjsu/sem2/cmpe273/labs/lab1' 
2018/03/18 16:27:02 INFO  - jmeter.services.FileServer: Set new base='/media/miraj/E/College/sjsu/sem2/cmpe273/labs' 
2018/03/18 16:27:02 INFO  - jmeter.save.SaveService: Testplan (JMX) version: 2.2. Testlog (JTL) version: 2.2 
2018/03/18 16:27:02 INFO  - jmeter.save.SaveService: Using SaveService properties file encoding UTF-8 
2018/03/18 16:27:02 INFO  - jmeter.save.SaveService: Using SaveService properties file version 1382180 
2018/03/18 16:27:02 INFO  - jmeter.save.SaveService: Using SaveService properties version 2.3 
2018/03/18 16:27:02 INFO  - jmeter.save.SaveService: All converter versions present and correct 
2018/03/18 16:27:02 INFO  - jmeter.engine.StandardJMeterEngine: Listeners will be started after enabling running version 
2018/03/18 16:27:02 INFO  - jmeter.engine.StandardJMeterEngine: To revert to the earlier behaviour, define jmeterengine.startlistenerslater=false 
2018/03/18 16:27:02 INFO  - jmeter.engine.StandardJMeterEngine: Running the test! 
2018/03/18 16:27:02 INFO  - jmeter.gui.util.JMeterMenuBar: setRunning(true,*local*) 
2018/03/18 16:27:03 INFO  - jmeter.engine.StandardJMeterEngine: Starting ThreadGroup: 1 : Thread Group 
2018/03/18 16:27:03 INFO  - jmeter.engine.StandardJMeterEngine: Starting 1 threads for group Thread Group. 
2018/03/18 16:27:03 INFO  - jmeter.engine.StandardJMeterEngine: Thread will continue on error 
2018/03/18 16:27:03 INFO  - jmeter.threads.ThreadGroup: Starting thread group number 1 threads 1 ramp-up 1 perThread 1000.0 delayedStart=false 
2018/03/18 16:27:03 INFO  - jmeter.threads.JMeterThread: jmeterthread.startearlier=true (see jmeter.properties) 
2018/03/18 16:27:03 INFO  - jmeter.threads.JMeterThread: Running PostProcessors in forward order 
2018/03/18 16:27:03 INFO  - jmeter.threads.ThreadGroup: Started thread group number 1 
2018/03/18 16:27:03 INFO  - jmeter.engine.StandardJMeterEngine: All thread groups have been started 
2018/03/18 16:27:03 INFO  - jmeter.threads.JMeterThread: Thread started: Thread Group 1-1 
2018/03/18 16:27:03 INFO  - jmeter.protocol.http.sampler.HTTPHCAbstractImpl: Local host = miraj 
2018/03/18 16:27:03 INFO  - jmeter.protocol.http.sampler.HTTPHC3Impl: HTTP request retry count = 1 
2018/03/18 16:27:25 INFO  - jmeter.gui.action.Start: Shutting test down 
2018/03/18 16:27:25 INFO  - jmeter.threads.JMeterThread: Stopping: Thread Group 1-1 
2018/03/18 16:28:25 INFO  - jmeter.gui.action.Start: Stopping test 
2018/03/18 16:28:25 INFO  - jmeter.threads.JMeterThread: Stopping: Thread Group 1-1 
2018/03/18 16:28:25 WARN  - jmeter.threads.JMeterThread: Interrupting: Thread Group 1-1 sampler: HTTP Request 
2018/03/18 16:28:25 WARN  - jmeter.util.JMeterUtils: Interrupted in thread Thread Group 1-1 java.lang.InterruptedException
	at java.lang.Object.wait(Native Method)
	at java.lang.Object.wait(Object.java:502)
	at java.awt.EventQueue.invokeAndWait(EventQueue.java:1315)
	at java.awt.EventQueue.invokeAndWait(EventQueue.java:1296)
	at javax.swing.SwingUtilities.invokeAndWait(SwingUtilities.java:1348)
	at org.apache.jmeter.util.JMeterUtils.runSafe(JMeterUtils.java:1292)
	at org.apache.jmeter.visualizers.ViewResultsFullVisualizer.add(ViewResultsFullVisualizer.java:126)
	at org.apache.jmeter.reporters.ResultCollector.sendToVisualizer(ResultCollector.java:518)
	at org.apache.jmeter.reporters.ResultCollector.sampleOccurred(ResultCollector.java:494)
	at org.apache.jmeter.threads.ListenerNotifier.notifyListeners(ListenerNotifier.java:84)
	at org.apache.jmeter.threads.JMeterThread.notifyListeners(JMeterThread.java:774)
	at org.apache.jmeter.threads.JMeterThread.process_sampler(JMeterThread.java:440)
	at org.apache.jmeter.threads.JMeterThread.run(JMeterThread.java:255)
	at java.lang.Thread.run(Thread.java:748)

2018/03/18 16:28:25 INFO  - jmeter.threads.JMeterThread: Thread finished: Thread Group 1-1 
2018/03/18 16:28:25 INFO  - jmeter.engine.StandardJMeterEngine: Notifying test listeners of end of test 
2018/03/18 16:28:25 INFO  - jmeter.gui.util.JMeterMenuBar: setRunning(false,*local*) 
2018/03/18 16:28:32 INFO  - jmeter.engine.StandardJMeterEngine: Running the test! 
2018/03/18 16:28:32 INFO  - jmeter.gui.util.JMeterMenuBar: setRunning(true,*local*) 
2018/03/18 16:28:33 INFO  - jmeter.engine.StandardJMeterEngine: Starting ThreadGroup: 1 : Thread Group 
2018/03/18 16:28:33 INFO  - jmeter.engine.StandardJMeterEngine: Starting 1 threads for group Thread Group. 
2018/03/18 16:28:33 INFO  - jmeter.engine.StandardJMeterEngine: Thread will continue on error 
2018/03/18 16:28:33 INFO  - jmeter.threads.ThreadGroup: Starting thread group number 1 threads 1 ramp-up 1 perThread 1000.0 delayedStart=false 
2018/03/18 16:28:33 INFO  - jmeter.threads.ThreadGroup: Started thread group number 1 
2018/03/18 16:28:33 INFO  - jmeter.engine.StandardJMeterEngine: All thread groups have been started 
2018/03/18 16:28:33 INFO  - jmeter.threads.JMeterThread: Thread started: Thread Group 1-1 
2018/03/18 16:28:35 INFO  - jmeter.gui.action.Start: Stopping test 
2018/03/18 16:28:35 INFO  - jmeter.threads.JMeterThread: Stopping: Thread Group 1-1 
2018/03/18 16:28:35 WARN  - jmeter.threads.JMeterThread: Interrupting: Thread Group 1-1 sampler: HTTP Request 
2018/03/18 16:28:35 WARN  - jmeter.util.JMeterUtils: Interrupted in thread Thread Group 1-1 java.lang.InterruptedException
	at java.lang.Object.wait(Native Method)
	at java.lang.Object.wait(Object.java:502)
	at java.awt.EventQueue.invokeAndWait(EventQueue.java:1315)
	at java.awt.EventQueue.invokeAndWait(EventQueue.java:1296)
	at javax.swing.SwingUtilities.invokeAndWait(SwingUtilities.java:1348)
	at org.apache.jmeter.util.JMeterUtils.runSafe(JMeterUtils.java:1292)
	at org.apache.jmeter.visualizers.ViewResultsFullVisualizer.add(ViewResultsFullVisualizer.java:126)
	at org.apache.jmeter.reporters.ResultCollector.sendToVisualizer(ResultCollector.java:518)
	at org.apache.jmeter.reporters.ResultCollector.sampleOccurred(ResultCollector.java:494)
	at org.apache.jmeter.threads.ListenerNotifier.notifyListeners(ListenerNotifier.java:84)
	at org.apache.jmeter.threads.JMeterThread.notifyListeners(JMeterThread.java:774)
	at org.apache.jmeter.threads.JMeterThread.process_sampler(JMeterThread.java:440)
	at org.apache.jmeter.threads.JMeterThread.run(JMeterThread.java:255)
	at java.lang.Thread.run(Thread.java:748)

2018/03/18 16:28:35 INFO  - jmeter.threads.JMeterThread: Thread finished: Thread Group 1-1 
2018/03/18 16:28:35 INFO  - jmeter.engine.StandardJMeterEngine: Notifying test listeners of end of test 
2018/03/18 16:28:35 INFO  - jmeter.gui.util.JMeterMenuBar: setRunning(false,*local*) 
2018/03/18 16:29:16 INFO  - jmeter.engine.StandardJMeterEngine: Running the test! 
2018/03/18 16:29:16 INFO  - jmeter.gui.util.JMeterMenuBar: setRunning(true,*local*) 
2018/03/18 16:29:16 INFO  - jmeter.engine.StandardJMeterEngine: Starting ThreadGroup: 1 : Thread Group 
2018/03/18 16:29:16 INFO  - jmeter.engine.StandardJMeterEngine: Starting 1 threads for group Thread Group. 
2018/03/18 16:29:16 INFO  - jmeter.engine.StandardJMeterEngine: Thread will continue on error 
2018/03/18 16:29:16 INFO  - jmeter.threads.ThreadGroup: Starting thread group number 1 threads 1 ramp-up 1000 perThread 1000000.0 delayedStart=false 
2018/03/18 16:29:16 INFO  - jmeter.threads.ThreadGroup: Started thread group number 1 
2018/03/18 16:29:16 INFO  - jmeter.engine.StandardJMeterEngine: All thread groups have been started 
2018/03/18 16:29:16 INFO  - jmeter.threads.JMeterThread: Thread started: Thread Group 1-1 
2018/03/18 16:29:49 INFO  - jmeter.gui.action.Start: Stopping test 
2018/03/18 16:29:49 INFO  - jmeter.threads.JMeterThread: Stopping: Thread Group 1-1 
2018/03/18 16:29:49 WARN  - jmeter.threads.JMeterThread: Interrupting: Thread Group 1-1 sampler: HTTP Request 
2018/03/18 16:29:49 WARN  - jmeter.util.JMeterUtils: Interrupted in thread Thread Group 1-1 java.lang.InterruptedException
	at java.lang.Object.wait(Native Method)
	at java.lang.Object.wait(Object.java:502)
	at java.awt.EventQueue.invokeAndWait(EventQueue.java:1315)
	at java.awt.EventQueue.invokeAndWait(EventQueue.java:1296)
	at javax.swing.SwingUtilities.invokeAndWait(SwingUtilities.java:1348)
	at org.apache.jmeter.util.JMeterUtils.runSafe(JMeterUtils.java:1292)
	at org.apache.jmeter.visualizers.ViewResultsFullVisualizer.add(ViewResultsFullVisualizer.java:126)
	at org.apache.jmeter.reporters.ResultCollector.sendToVisualizer(ResultCollector.java:518)
	at org.apache.jmeter.reporters.ResultCollector.sampleOccurred(ResultCollector.java:494)
	at org.apache.jmeter.threads.ListenerNotifier.notifyListeners(ListenerNotifier.java:84)
	at org.apache.jmeter.threads.JMeterThread.notifyListeners(JMeterThread.java:774)
	at org.apache.jmeter.threads.JMeterThread.process_sampler(JMeterThread.java:440)
	at org.apache.jmeter.threads.JMeterThread.run(JMeterThread.java:255)
	at java.lang.Thread.run(Thread.java:748)

2018/03/18 16:29:49 INFO  - jmeter.threads.JMeterThread: Thread finished: Thread Group 1-1 
2018/03/18 16:29:49 INFO  - jmeter.engine.StandardJMeterEngine: Notifying test listeners of end of test 
2018/03/18 16:29:49 INFO  - jmeter.gui.util.JMeterMenuBar: setRunning(false,*local*) 
2018/03/18 16:31:39 INFO  - jmeter.engine.StandardJMeterEngine: Running the test! 
2018/03/18 16:31:39 INFO  - jmeter.gui.util.JMeterMenuBar: setRunning(true,*local*) 
2018/03/18 16:31:39 INFO  - jmeter.engine.StandardJMeterEngine: Starting ThreadGroup: 1 : Thread Group 
2018/03/18 16:31:39 INFO  - jmeter.engine.StandardJMeterEngine: Starting 1 threads for group Thread Group. 
2018/03/18 16:31:39 INFO  - jmeter.engine.StandardJMeterEngine: Thread will continue on error 
2018/03/18 16:31:39 INFO  - jmeter.threads.ThreadGroup: Starting thread group number 1 threads 1 ramp-up 1000 perThread 1000000.0 delayedStart=false 
2018/03/18 16:31:39 INFO  - jmeter.threads.ThreadGroup: Started thread group number 1 
2018/03/18 16:31:39 INFO  - jmeter.engine.StandardJMeterEngine: All thread groups have been started 
2018/03/18 16:31:39 INFO  - jmeter.threads.JMeterThread: Thread started: Thread Group 1-1 
2018/03/18 16:31:39 INFO  - jmeter.threads.JMeterThread: Thread finished: Thread Group 1-1 
2018/03/18 16:31:39 INFO  - jmeter.engine.StandardJMeterEngine: Notifying test listeners of end of test 
2018/03/18 16:31:39 INFO  - jmeter.gui.util.JMeterMenuBar: setRunning(false,*local*) 
2018/03/18 16:32:57 INFO  - jmeter.engine.StandardJMeterEngine: Running the test! 
2018/03/18 16:32:57 INFO  - jmeter.gui.util.JMeterMenuBar: setRunning(true,*local*) 
2018/03/18 16:32:57 INFO  - jmeter.engine.StandardJMeterEngine: Starting ThreadGroup: 1 : Thread Group 
2018/03/18 16:32:57 INFO  - jmeter.engine.StandardJMeterEngine: Starting 1 threads for group Thread Group. 
2018/03/18 16:32:57 INFO  - jmeter.engine.StandardJMeterEngine: Thread will continue on error 
2018/03/18 16:32:57 INFO  - jmeter.threads.ThreadGroup: Starting thread group number 1 threads 1 ramp-up 1 perThread 1000.0 delayedStart=false 
2018/03/18 16:32:57 INFO  - jmeter.threads.ThreadGroup: Started thread group number 1 
2018/03/18 16:32:57 INFO  - jmeter.engine.StandardJMeterEngine: All thread groups have been started 
2018/03/18 16:32:57 INFO  - jmeter.threads.JMeterThread: Thread started: Thread Group 1-1 
2018/03/18 16:33:03 INFO  - jmeter.threads.JMeterThread: Thread finished: Thread Group 1-1 
2018/03/18 16:33:03 INFO  - jmeter.engine.StandardJMeterEngine: Notifying test listeners of end of test 
2018/03/18 16:33:03 INFO  - jmeter.gui.util.JMeterMenuBar: setRunning(false,*local*) 
2018/03/18 16:33:46 INFO  - jmeter.engine.StandardJMeterEngine: Running the test! 
2018/03/18 16:33:46 INFO  - jmeter.gui.util.JMeterMenuBar: setRunning(true,*local*) 
2018/03/18 16:33:46 INFO  - jmeter.engine.StandardJMeterEngine: Starting ThreadGroup: 1 : Thread Group 
2018/03/18 16:33:46 INFO  - jmeter.engine.StandardJMeterEngine: Starting 1 threads for group Thread Group. 
2018/03/18 16:33:46 INFO  - jmeter.engine.StandardJMeterEngine: Thread will continue on error 
2018/03/18 16:33:46 INFO  - jmeter.threads.ThreadGroup: Starting thread group number 1 threads 1 ramp-up 1 perThread 1000.0 delayedStart=false 
2018/03/18 16:33:46 INFO  - jmeter.threads.ThreadGroup: Started thread group number 1 
2018/03/18 16:33:46 INFO  - jmeter.engine.StandardJMeterEngine: All thread groups have been started 
2018/03/18 16:33:46 INFO  - jmeter.threads.JMeterThread: Thread started: Thread Group 1-1 
2018/03/18 16:33:53 INFO  - jmeter.threads.JMeterThread: Thread finished: Thread Group 1-1 
2018/03/18 16:33:53 INFO  - jmeter.engine.StandardJMeterEngine: Notifying test listeners of end of test 
2018/03/18 16:33:53 INFO  - jmeter.gui.util.JMeterMenuBar: setRunning(false,*local*) 
2018/03/18 16:36:51 INFO  - jmeter.engine.StandardJMeterEngine: Running the test! 
2018/03/18 16:36:51 INFO  - jmeter.gui.util.JMeterMenuBar: setRunning(true,*local*) 
2018/03/18 16:36:51 INFO  - jmeter.engine.StandardJMeterEngine: Starting ThreadGroup: 1 : Thread Group 
2018/03/18 16:36:51 INFO  - jmeter.engine.StandardJMeterEngine: Starting 1 threads for group Thread Group. 
2018/03/18 16:36:51 INFO  - jmeter.engine.StandardJMeterEngine: Thread will continue on error 
2018/03/18 16:36:51 INFO  - jmeter.threads.ThreadGroup: Starting thread group number 1 threads 1 ramp-up 1 perThread 1000.0 delayedStart=false 
2018/03/18 16:36:51 INFO  - jmeter.threads.ThreadGroup: Started thread group number 1 
2018/03/18 16:36:51 INFO  - jmeter.engine.StandardJMeterEngine: All thread groups have been started 
2018/03/18 16:36:51 INFO  - jmeter.threads.JMeterThread: Thread started: Thread Group 1-1 
2018/03/18 16:36:57 INFO  - jmeter.threads.JMeterThread: Thread finished: Thread Group 1-1 
2018/03/18 16:36:57 INFO  - jmeter.engine.StandardJMeterEngine: Notifying test listeners of end of test 
2018/03/18 16:36:57 INFO  - jmeter.gui.util.JMeterMenuBar: setRunning(false,*local*) 
2018/03/18 16:37:51 INFO  - jmeter.engine.StandardJMeterEngine: Running the test! 
2018/03/18 16:37:51 INFO  - jmeter.gui.util.JMeterMenuBar: setRunning(true,*local*) 
2018/03/18 16:37:51 INFO  - jmeter.engine.StandardJMeterEngine: Starting ThreadGroup: 1 : Thread Group 
2018/03/18 16:37:51 INFO  - jmeter.engine.StandardJMeterEngine: Starting 1 threads for group Thread Group. 
2018/03/18 16:37:51 INFO  - jmeter.engine.StandardJMeterEngine: Thread will continue on error 
2018/03/18 16:37:51 INFO  - jmeter.threads.ThreadGroup: Starting thread group number 1 threads 1 ramp-up 1 perThread 1000.0 delayedStart=false 
2018/03/18 16:37:51 INFO  - jmeter.threads.ThreadGroup: Started thread group number 1 
2018/03/18 16:37:51 INFO  - jmeter.engine.StandardJMeterEngine: All thread groups have been started 
2018/03/18 16:37:51 INFO  - jmeter.threads.JMeterThread: Thread started: Thread Group 1-1 
2018/03/18 16:37:55 INFO  - jmeter.threads.JMeterThread: Thread finished: Thread Group 1-1 
2018/03/18 16:37:55 INFO  - jmeter.engine.StandardJMeterEngine: Notifying test listeners of end of test 
2018/03/18 16:37:55 INFO  - jmeter.gui.util.JMeterMenuBar: setRunning(false,*local*) 
2018/03/18 16:38:03 INFO  - jmeter.engine.StandardJMeterEngine: Running the test! 
2018/03/18 16:38:03 INFO  - jmeter.gui.util.JMeterMenuBar: setRunning(true,*local*) 
2018/03/18 16:38:04 INFO  - jmeter.engine.StandardJMeterEngine: Starting ThreadGroup: 1 : Thread Group 
2018/03/18 16:38:04 INFO  - jmeter.engine.StandardJMeterEngine: Starting 1 threads for group Thread Group. 
2018/03/18 16:38:04 INFO  - jmeter.engine.StandardJMeterEngine: Thread will continue on error 
2018/03/18 16:38:04 INFO  - jmeter.threads.ThreadGroup: Starting thread group number 1 threads 1 ramp-up 1 perThread 1000.0 delayedStart=false 
2018/03/18 16:38:04 INFO  - jmeter.threads.ThreadGroup: Started thread group number 1 
2018/03/18 16:38:04 INFO  - jmeter.engine.StandardJMeterEngine: All thread groups have been started 
2018/03/18 16:38:04 INFO  - jmeter.threads.JMeterThread: Thread started: Thread Group 1-1 
2018/03/18 16:38:07 INFO  - jmeter.threads.JMeterThread: Thread finished: Thread Group 1-1 
2018/03/18 16:38:07 INFO  - jmeter.engine.StandardJMeterEngine: Notifying test listeners of end of test 
2018/03/18 16:38:07 INFO  - jmeter.gui.util.JMeterMenuBar: setRunning(false,*local*) 
2018/03/18 16:38:12 INFO  - jmeter.engine.StandardJMeterEngine: Running the test! 
2018/03/18 16:38:12 INFO  - jmeter.gui.util.JMeterMenuBar: setRunning(true,*local*) 
2018/03/18 16:38:12 INFO  - jmeter.engine.StandardJMeterEngine: Starting ThreadGroup: 1 : Thread Group 
2018/03/18 16:38:12 INFO  - jmeter.engine.StandardJMeterEngine: Starting 1 threads for group Thread Group. 
2018/03/18 16:38:12 INFO  - jmeter.engine.StandardJMeterEngine: Thread will continue on error 
2018/03/18 16:38:12 INFO  - jmeter.threads.ThreadGroup: Starting thread group number 1 threads 1 ramp-up 1 perThread 1000.0 delayedStart=false 
2018/03/18 16:38:12 INFO  - jmeter.threads.ThreadGroup: Started thread group number 1 
2018/03/18 16:38:12 INFO  - jmeter.engine.StandardJMeterEngine: All thread groups have been started 
2018/03/18 16:38:12 INFO  - jmeter.threads.JMeterThread: Thread started: Thread Group 1-1 
2018/03/18 16:38:16 INFO  - jmeter.threads.JMeterThread: Thread finished: Thread Group 1-1 
2018/03/18 16:38:16 INFO  - jmeter.engine.StandardJMeterEngine: Notifying test listeners of end of test 
2018/03/18 16:38:16 INFO  - jmeter.gui.util.JMeterMenuBar: setRunning(false,*local*) 
2018/03/18 16:38:30 INFO  - jmeter.engine.StandardJMeterEngine: Running the test! 
2018/03/18 16:38:30 INFO  - jmeter.gui.util.JMeterMenuBar: setRunning(true,*local*) 
2018/03/18 16:38:30 INFO  - jmeter.engine.StandardJMeterEngine: Starting ThreadGroup: 1 : Thread Group 
2018/03/18 16:38:30 INFO  - jmeter.engine.StandardJMeterEngine: Starting 1 threads for group Thread Group. 
2018/03/18 16:38:30 INFO  - jmeter.engine.StandardJMeterEngine: Thread will continue on error 
2018/03/18 16:38:30 INFO  - jmeter.threads.ThreadGroup: Starting thread group number 1 threads 1 ramp-up 1 perThread 1000.0 delayedStart=false 
2018/03/18 16:38:30 INFO  - jmeter.threads.ThreadGroup: Started thread group number 1 
2018/03/18 16:38:30 INFO  - jmeter.engine.StandardJMeterEngine: All thread groups have been started 
2018/03/18 16:38:30 INFO  - jmeter.threads.JMeterThread: Thread started: Thread Group 1-1 
2018/03/18 16:38:34 INFO  - jmeter.threads.JMeterThread: Thread finished: Thread Group 1-1 
2018/03/18 16:38:34 INFO  - jmeter.engine.StandardJMeterEngine: Notifying test listeners of end of test 
2018/03/18 16:38:34 INFO  - jmeter.gui.util.JMeterMenuBar: setRunning(false,*local*) 
2018/03/18 16:39:28 INFO  - jmeter.engine.StandardJMeterEngine: Running the test! 
2018/03/18 16:39:28 INFO  - jmeter.gui.util.JMeterMenuBar: setRunning(true,*local*) 
2018/03/18 16:39:28 INFO  - jmeter.engine.StandardJMeterEngine: Starting ThreadGroup: 1 : Thread Group 
2018/03/18 16:39:28 INFO  - jmeter.engine.StandardJMeterEngine: Starting 1 threads for group Thread Group. 
2018/03/18 16:39:28 INFO  - jmeter.engine.StandardJMeterEngine: Thread will continue on error 
2018/03/18 16:39:28 INFO  - jmeter.threads.ThreadGroup: Starting thread group number 1 threads 1 ramp-up 1 perThread 1000.0 delayedStart=false 
2018/03/18 16:39:28 INFO  - jmeter.threads.ThreadGroup: Started thread group number 1 
2018/03/18 16:39:28 INFO  - jmeter.engine.StandardJMeterEngine: All thread groups have been started 
2018/03/18 16:39:28 INFO  - jmeter.threads.JMeterThread: Thread started: Thread Group 1-1 
2018/03/18 16:39:32 INFO  - jmeter.threads.JMeterThread: Thread finished: Thread Group 1-1 
2018/03/18 16:39:32 INFO  - jmeter.engine.StandardJMeterEngine: Notifying test listeners of end of test 
2018/03/18 16:39:32 INFO  - jmeter.gui.util.JMeterMenuBar: setRunning(false,*local*) 
2018/03/18 16:41:44 INFO  - jmeter.engine.StandardJMeterEngine: Running the test! 
2018/03/18 16:41:44 INFO  - jmeter.gui.util.JMeterMenuBar: setRunning(true,*local*) 
2018/03/18 16:41:44 INFO  - jmeter.engine.StandardJMeterEngine: Starting ThreadGroup: 1 : Thread Group 
2018/03/18 16:41:44 INFO  - jmeter.engine.StandardJMeterEngine: Starting 1 threads for group Thread Group. 
2018/03/18 16:41:44 INFO  - jmeter.engine.StandardJMeterEngine: Thread will continue on error 
2018/03/18 16:41:44 INFO  - jmeter.threads.ThreadGroup: Starting thread group number 1 threads 1 ramp-up 1 perThread 1000.0 delayedStart=false 
2018/03/18 16:41:44 INFO  - jmeter.threads.ThreadGroup: Started thread group number 1 
2018/03/18 16:41:44 INFO  - jmeter.engine.StandardJMeterEngine: All thread groups have been started 
2018/03/18 16:41:44 INFO  - jmeter.threads.JMeterThread: Thread started: Thread Group 1-1 
2018/03/18 16:41:48 INFO  - jmeter.threads.JMeterThread: Thread finished: Thread Group 1-1 
2018/03/18 16:41:48 INFO  - jmeter.engine.StandardJMeterEngine: Notifying test listeners of end of test 
2018/03/18 16:41:48 INFO  - jmeter.reporters.Summariser: Generate Summary Results =   1000 in     4s =  250.3/s Avg:     3 Min:     2 Max:   131 Err:     0 (0.00%) 
2018/03/18 16:41:48 INFO  - jmeter.gui.util.JMeterMenuBar: setRunning(false,*local*) 
2018/03/18 16:43:55 INFO  - jmeter.engine.StandardJMeterEngine: Running the test! 
2018/03/18 16:43:55 INFO  - jmeter.gui.util.JMeterMenuBar: setRunning(true,*local*) 
2018/03/18 16:43:55 INFO  - jmeter.engine.StandardJMeterEngine: Starting ThreadGroup: 1 : Thread Group 
2018/03/18 16:43:55 INFO  - jmeter.engine.StandardJMeterEngine: Starting 1 threads for group Thread Group. 
2018/03/18 16:43:55 INFO  - jmeter.engine.StandardJMeterEngine: Thread will continue on error 
2018/03/18 16:43:55 INFO  - jmeter.threads.ThreadGroup: Starting thread group number 1 threads 1 ramp-up 1 perThread 1000.0 delayedStart=false 
2018/03/18 16:43:55 INFO  - jmeter.threads.ThreadGroup: Started thread group number 1 
2018/03/18 16:43:55 INFO  - jmeter.engine.StandardJMeterEngine: All thread groups have been started 
2018/03/18 16:43:55 INFO  - jmeter.threads.JMeterThread: Thread started: Thread Group 1-1 
2018/03/18 16:43:59 INFO  - jmeter.threads.JMeterThread: Thread finished: Thread Group 1-1 
2018/03/18 16:43:59 INFO  - jmeter.engine.StandardJMeterEngine: Notifying test listeners of end of test 
2018/03/18 16:43:59 INFO  - jmeter.gui.util.JMeterMenuBar: setRunning(false,*local*) 
